<?xml version="1.0" encoding="UTF-8"?>
<!-- Generated by org.testng.reporters.JUnitXMLReporter -->
<testsuite hostname="TeraByte" ignored="0" name="Test Cases" tests="2" failures="1" timestamp="22 Nov 2018 16:27:56 GMT" time="12.91" errors="0">
  <testcase name="@AfterMethod tearDown" time="0.001" classname="com.test.LoginTest">
    <failure type="java.lang.NullPointerException">
      <![CDATA[java.lang.NullPointerException
	at com.test.LoginTest.tearDown(LoginTest.java:43)
... Removed 27 stack frames]]>
    </failure>
  </testcase> <!-- @AfterMethod tearDown -->
  <testcase name="@BeforeMethod setUp" time="0.0" classname="com.test.LoginTest">
    <skipped/>
  </testcase> <!-- @BeforeMethod setUp -->
  <testcase name="verifyTitle" time="0.01" classname="com.test.LoginTest">
    <failure type="java.lang.NullPointerException">
      <![CDATA[java.lang.NullPointerException
	at com.test.LoginTest.verifyTitle(LoginTest.java:31)
... Removed 25 stack frames]]>
    </failure>
  </testcase> <!-- verifyTitle -->
  <testcase name="verifyButtonDisplay" time="0.001" classname="com.test.LoginTest">
    <skipped/>
  </testcase> <!-- verifyButtonDisplay -->
</testsuite> <!-- Test Cases -->
